The system is: Darwin - 11.4.2 - i386
Compiling the CXX compiler identification source file "CMakeCXXCompilerId.cpp" succeeded.
Compiler: /usr/bin/c++ 
Build flags: 
Id flags: 

The output was:
0


Compilation of the CXX compiler identification source "CMakeCXXCompilerId.cpp" produced "a.out"

The CXX compiler identification is Clang, found in "/Users/puconghan/Desktop/opencv-2.4.8/build/CMakeFiles/2.8.10/CompilerIdCXX/a.out"

Compiling the C compiler identification source file "CMakeCCompilerId.c" succeeded.
Compiler: /usr/bin/cc 
Build flags: 
Id flags: 

The output was:
0


Compilation of the C compiler identification source "CMakeCCompilerId.c" produced "a.out"

The C compiler identification is Clang, found in "/Users/puconghan/Desktop/opencv-2.4.8/build/CMakeFiles/2.8.10/CompilerIdC/a.out"

Determining if the CXX compiler works passed with the following output:
Change Dir: /Users/puconghan/Desktop/opencv-2.4.8/build/CMakeFiles/CMakeTmp

Run Build Command:/usr/bin/make "cmTryCompileExec263536895/fast"
/usr/bin/make -f CMakeFiles/cmTryCompileExec263536895.dir/build.make CMakeFiles/cmTryCompileExec263536895.dir/build
/opt/local/bin/cmake -E cmake_progress_report /Users/puconghan/Desktop/opencv-2.4.8/build/CMakeFiles/CMakeTmp/CMakeFiles 1
Building CXX object CMakeFiles/cmTryCompileExec263536895.dir/testCXXCompiler.cxx.o
/usr/bin/c++     -o CMakeFiles/cmTryCompileExec263536895.dir/testCXXCompiler.cxx.o -c /Users/puconghan/Desktop/opencv-2.4.8/build/CMakeFiles/CMakeTmp/testCXXCompiler.cxx
Linking CXX executable cmTryCompileExec263536895
/opt/local/bin/cmake -E cmake_link_script CMakeFiles/cmTryCompileExec263536895.dir/link.txt --verbose=1
/usr/bin/c++       -Wl,-search_paths_first -Wl,-headerpad_max_install_names   CMakeFiles/cmTryCompileExec263536895.dir/testCXXCompiler.cxx.o  -o cmTryCompileExec263536895  


Detecting CXX compiler ABI info compiled with the following output:
Change Dir: /Users/puconghan/Desktop/opencv-2.4.8/build/CMakeFiles/CMakeTmp

Run Build Command:/usr/bin/make "cmTryCompileExec280792573/fast"
/usr/bin/make -f CMakeFiles/cmTryCompileExec280792573.dir/build.make CMakeFiles/cmTryCompileExec280792573.dir/build
/opt/local/bin/cmake -E cmake_progress_report /Users/puconghan/Desktop/opencv-2.4.8/build/CMakeFiles/CMakeTmp/CMakeFiles 1
Building CXX object CMakeFiles/cmTryCompileExec280792573.dir/CMakeCXXCompilerABI.cpp.o
/usr/bin/c++     -o CMakeFiles/cmTryCompileExec280792573.dir/CMakeCXXCompilerABI.cpp.o -c /opt/local/share/cmake-2.8/Modules/CMakeCXXCompilerABI.cpp
Linking CXX executable cmTryCompileExec280792573
/opt/local/bin/cmake -E cmake_link_script CMakeFiles/cmTryCompileExec280792573.dir/link.txt --verbose=1
/usr/bin/c++       -Wl,-search_paths_first -Wl,-headerpad_max_install_names -v CMakeFiles/cmTryCompileExec280792573.dir/CMakeCXXCompilerABI.cpp.o  -o cmTryCompileExec280792573   
Apple clang version 4.0 (tags/Apple/clang-421.0.60) (based on LLVM 3.1svn)
Target: x86_64-apple-darwin11.4.2
Thread model: posix
 "/usr/bin/ld" -demangle -dynamic -arch x86_64 -macosx_version_min 10.7.0 -o cmTryCompileExec280792573 -lcrt1.10.6.o -search_paths_first -headerpad_max_install_names CMakeFiles/cmTryCompileExec280792573.dir/CMakeCXXCompilerABI.cpp.o -lstdc++ -lSystem /usr/bin/../lib/clang/4.0/lib/darwin/libclang_rt.osx.a


Parsed CXX implicit link information from above output:
  link line regex: [^( *|.*[/\])(ld|ld|collect2)[^/\]*( |$)]
  ignore line: [Change Dir: /Users/puconghan/Desktop/opencv-2.4.8/build/CMakeFiles/CMakeTmp]
  ignore line: []
  ignore line: [Run Build Command:/usr/bin/make "cmTryCompileExec280792573/fast"]
  ignore line: [/usr/bin/make -f CMakeFiles/cmTryCompileExec280792573.dir/build.make CMakeFiles/cmTryCompileExec280792573.dir/build]
  ignore line: [/opt/local/bin/cmake -E cmake_progress_report /Users/puconghan/Desktop/opencv-2.4.8/build/CMakeFiles/CMakeTmp/CMakeFiles 1]
  ignore line: [Building CXX object CMakeFiles/cmTryCompileExec280792573.dir/CMakeCXXCompilerABI.cpp.o]
  ignore line: [/usr/bin/c++     -o CMakeFiles/cmTryCompileExec280792573.dir/CMakeCXXCompilerABI.cpp.o -c /opt/local/share/cmake-2.8/Modules/CMakeCXXCompilerABI.cpp]
  ignore line: [Linking CXX executable cmTryCompileExec280792573]
  ignore line: [/opt/local/bin/cmake -E cmake_link_script CMakeFiles/cmTryCompileExec280792573.dir/link.txt --verbose=1]
  ignore line: [/usr/bin/c++       -Wl,-search_paths_first -Wl,-headerpad_max_install_names -v CMakeFiles/cmTryCompileExec280792573.dir/CMakeCXXCompilerABI.cpp.o  -o cmTryCompileExec280792573   ]
  ignore line: [Apple clang version 4.0 (tags/Apple/clang-421.0.60) (based on LLVM 3.1svn)]
  ignore line: [Target: x86_64-apple-darwin11.4.2]
  ignore line: [Thread model: posix]
  link line: [ "/usr/bin/ld" -demangle -dynamic -arch x86_64 -macosx_version_min 10.7.0 -o cmTryCompileExec280792573 -lcrt1.10.6.o -search_paths_first -headerpad_max_install_names CMakeFiles/cmTryCompileExec280792573.dir/CMakeCXXCompilerABI.cpp.o -lstdc++ -lSystem /usr/bin/../lib/clang/4.0/lib/darwin/libclang_rt.osx.a]
    arg [/usr/bin/ld] ==> ignore
    arg [-demangle] ==> ignore
    arg [-dynamic] ==> ignore
    arg [-arch] ==> ignore
    arg [x86_64] ==> ignore
    arg [-macosx_version_min] ==> ignore
    arg [10.7.0] ==> ignore
    arg [-o] ==> ignore
    arg [cmTryCompileExec280792573] ==> ignore
    arg [-lcrt1.10.6.o] ==> lib [crt1.10.6.o]
    arg [-search_paths_first] ==> ignore
    arg [-headerpad_max_install_names] ==> ignore
    arg [CMakeFiles/cmTryCompileExec280792573.dir/CMakeCXXCompilerABI.cpp.o] ==> ignore
    arg [-lstdc++] ==> lib [stdc++]
    arg [-lSystem] ==> lib [System]
    arg [/usr/bin/../lib/clang/4.0/lib/darwin/libclang_rt.osx.a] ==> lib [/usr/bin/../lib/clang/4.0/lib/darwin/libclang_rt.osx.a]
  remove lib [crt1.10.6.o]
  remove lib [System]
  implicit libs: [stdc++;/usr/bin/../lib/clang/4.0/lib/darwin/libclang_rt.osx.a]
  implicit dirs: []


Determining if the C compiler works passed with the following output:
Change Dir: /Users/puconghan/Desktop/opencv-2.4.8/build/CMakeFiles/CMakeTmp

Run Build Command:/usr/bin/make "cmTryCompileExec1700185465/fast"
/usr/bin/make -f CMakeFiles/cmTryCompileExec1700185465.dir/build.make CMakeFiles/cmTryCompileExec1700185465.dir/build
/opt/local/bin/cmake -E cmake_progress_report /Users/puconghan/Desktop/opencv-2.4.8/build/CMakeFiles/CMakeTmp/CMakeFiles 1
Building C object CMakeFiles/cmTryCompileExec1700185465.dir/testCCompiler.c.o
/usr/bin/cc    -o CMakeFiles/cmTryCompileExec1700185465.dir/testCCompiler.c.o   -c /Users/puconghan/Desktop/opencv-2.4.8/build/CMakeFiles/CMakeTmp/testCCompiler.c
Linking C executable cmTryCompileExec1700185465
/opt/local/bin/cmake -E cmake_link_script CMakeFiles/cmTryCompileExec1700185465.dir/link.txt --verbose=1
/usr/bin/cc      -Wl,-search_paths_first -Wl,-headerpad_max_install_names   CMakeFiles/cmTryCompileExec1700185465.dir/testCCompiler.c.o  -o cmTryCompileExec1700185465  


Detecting C compiler ABI info compiled with the following output:
Change Dir: /Users/puconghan/Desktop/opencv-2.4.8/build/CMakeFiles/CMakeTmp

Run Build Command:/usr/bin/make "cmTryCompileExec4191918464/fast"
/usr/bin/make -f CMakeFiles/cmTryCompileExec4191918464.dir/build.make CMakeFiles/cmTryCompileExec4191918464.dir/build
/opt/local/bin/cmake -E cmake_progress_report /Users/puconghan/Desktop/opencv-2.4.8/build/CMakeFiles/CMakeTmp/CMakeFiles 1
Building C object CMakeFiles/cmTryCompileExec4191918464.dir/CMakeCCompilerABI.c.o
/usr/bin/cc    -o CMakeFiles/cmTryCompileExec4191918464.dir/CMakeCCompilerABI.c.o   -c /opt/local/share/cmake-2.8/Modules/CMakeCCompilerABI.c
Linking C executable cmTryCompileExec4191918464
/opt/local/bin/cmake -E cmake_link_script CMakeFiles/cmTryCompileExec4191918464.dir/link.txt --verbose=1
/usr/bin/cc      -Wl,-search_paths_first -Wl,-headerpad_max_install_names -v CMakeFiles/cmTryCompileExec4191918464.dir/CMakeCCompilerABI.c.o  -o cmTryCompileExec4191918464   
Apple clang version 4.0 (tags/Apple/clang-421.0.60) (based on LLVM 3.1svn)
Target: x86_64-apple-darwin11.4.2
Thread model: posix
 "/usr/bin/ld" -demangle -dynamic -arch x86_64 -macosx_version_min 10.7.0 -o cmTryCompileExec4191918464 -lcrt1.10.6.o -search_paths_first -headerpad_max_install_names CMakeFiles/cmTryCompileExec4191918464.dir/CMakeCCompilerABI.c.o -lSystem /usr/bin/../lib/clang/4.0/lib/darwin/libclang_rt.osx.a


Parsed C implicit link information from above output:
  link line regex: [^( *|.*[/\])(ld|ld|collect2)[^/\]*( |$)]
  ignore line: [Change Dir: /Users/puconghan/Desktop/opencv-2.4.8/build/CMakeFiles/CMakeTmp]
  ignore line: []
  ignore line: [Run Build Command:/usr/bin/make "cmTryCompileExec4191918464/fast"]
  ignore line: [/usr/bin/make -f CMakeFiles/cmTryCompileExec4191918464.dir/build.make CMakeFiles/cmTryCompileExec4191918464.dir/build]
  ignore line: [/opt/local/bin/cmake -E cmake_progress_report /Users/puconghan/Desktop/opencv-2.4.8/build/CMakeFiles/CMakeTmp/CMakeFiles 1]
  ignore line: [Building C object CMakeFiles/cmTryCompileExec4191918464.dir/CMakeCCompilerABI.c.o]
  ignore line: [/usr/bin/cc    -o CMakeFiles/cmTryCompileExec4191918464.dir/CMakeCCompilerABI.c.o   -c /opt/local/share/cmake-2.8/Modules/CMakeCCompilerABI.c]
  ignore line: [Linking C executable cmTryCompileExec4191918464]
  ignore line: [/opt/local/bin/cmake -E cmake_link_script CMakeFiles/cmTryCompileExec4191918464.dir/link.txt --verbose=1]
  ignore line: [/usr/bin/cc      -Wl,-search_paths_first -Wl,-headerpad_max_install_names -v CMakeFiles/cmTryCompileExec4191918464.dir/CMakeCCompilerABI.c.o  -o cmTryCompileExec4191918464   ]
  ignore line: [Apple clang version 4.0 (tags/Apple/clang-421.0.60) (based on LLVM 3.1svn)]
  ignore line: [Target: x86_64-apple-darwin11.4.2]
  ignore line: [Thread model: posix]
  link line: [ "/usr/bin/ld" -demangle -dynamic -arch x86_64 -macosx_version_min 10.7.0 -o cmTryCompileExec4191918464 -lcrt1.10.6.o -search_paths_first -headerpad_max_install_names CMakeFiles/cmTryCompileExec4191918464.dir/CMakeCCompilerABI.c.o -lSystem /usr/bin/../lib/clang/4.0/lib/darwin/libclang_rt.osx.a]
    arg [/usr/bin/ld] ==> ignore
    arg [-demangle] ==> ignore
    arg [-dynamic] ==> ignore
    arg [-arch] ==> ignore
    arg [x86_64] ==> ignore
    arg [-macosx_version_min] ==> ignore
    arg [10.7.0] ==> ignore
    arg [-o] ==> ignore
    arg [cmTryCompileExec4191918464] ==> ignore
    arg [-lcrt1.10.6.o] ==> lib [crt1.10.6.o]
    arg [-search_paths_first] ==> ignore
    arg [-headerpad_max_install_names] ==> ignore
    arg [CMakeFiles/cmTryCompileExec4191918464.dir/CMakeCCompilerABI.c.o] ==> ignore
    arg [-lSystem] ==> lib [System]
    arg [/usr/bin/../lib/clang/4.0/lib/darwin/libclang_rt.osx.a] ==> lib [/usr/bin/../lib/clang/4.0/lib/darwin/libclang_rt.osx.a]
  remove lib [crt1.10.6.o]
  remove lib [System]
  implicit libs: [/usr/bin/../lib/clang/4.0/lib/darwin/libclang_rt.osx.a]
  implicit dirs: []


Determining if the function fseeko exists passed with the following output:
Change Dir: /Users/puconghan/Desktop/opencv-2.4.8/build/CMakeFiles/CMakeTmp

Run Build Command:/usr/bin/make "cmTryCompileExec2298087540/fast"
/usr/bin/make -f CMakeFiles/cmTryCompileExec2298087540.dir/build.make CMakeFiles/cmTryCompileExec2298087540.dir/build
/opt/local/bin/cmake -E cmake_progress_report /Users/puconghan/Desktop/opencv-2.4.8/build/CMakeFiles/CMakeTmp/CMakeFiles 1
Building C object CMakeFiles/cmTryCompileExec2298087540.dir/CheckFunctionExists.c.o
/usr/bin/cc   -fsigned-char -W -Werror=return-type -Werror=address -Werror=sequence-point -Wformat -Werror=format-security -Wmissing-declarations -Wmissing-prototypes -Wstrict-prototypes -Wundef -Winit-self -Wpointer-arith -Wshadow -Wsign-promo -Wno-narrowing -Wno-delete-non-virtual-dtor -Wno-unnamed-type-template-args -fdiagnostics-show-option -fno-omit-frame-pointer -msse -msse2 -msse3  -DCHECK_FUNCTION_EXISTS=fseeko -O3 -DNDEBUG   -o CMakeFiles/cmTryCompileExec2298087540.dir/CheckFunctionExists.c.o   -c /opt/local/share/cmake-2.8/Modules/CheckFunctionExists.c
Linking C executable cmTryCompileExec2298087540
/opt/local/bin/cmake -E cmake_link_script CMakeFiles/cmTryCompileExec2298087540.dir/link.txt --verbose=1
/usr/bin/cc      -fsigned-char -W -Werror=return-type -Werror=address -Werror=sequence-point -Wformat -Werror=format-security -Wmissing-declarations -Wmissing-prototypes -Wstrict-prototypes -Wundef -Winit-self -Wpointer-arith -Wshadow -Wsign-promo -Wno-narrowing -Wno-delete-non-virtual-dtor -Wno-unnamed-type-template-args -fdiagnostics-show-option -fno-omit-frame-pointer -msse -msse2 -msse3  -DCHECK_FUNCTION_EXISTS=fseeko -O3 -DNDEBUG -Wl,-search_paths_first -Wl,-headerpad_max_install_names   CMakeFiles/cmTryCompileExec2298087540.dir/CheckFunctionExists.c.o  -o cmTryCompileExec2298087540  


Determining if the include file unistd.h exists passed with the following output:
Change Dir: /Users/puconghan/Desktop/opencv-2.4.8/build/CMakeFiles/CMakeTmp

Run Build Command:/usr/bin/make "cmTryCompileExec1865057088/fast"
/usr/bin/make -f CMakeFiles/cmTryCompileExec1865057088.dir/build.make CMakeFiles/cmTryCompileExec1865057088.dir/build
/opt/local/bin/cmake -E cmake_progress_report /Users/puconghan/Desktop/opencv-2.4.8/build/CMakeFiles/CMakeTmp/CMakeFiles 1
Building C object CMakeFiles/cmTryCompileExec1865057088.dir/CheckIncludeFile.c.o
/usr/bin/cc   -fsigned-char -W -Werror=return-type -Werror=address -Werror=sequence-point -Wformat -Werror=format-security -Wmissing-declarations -Wmissing-prototypes -Wstrict-prototypes -Wundef -Winit-self -Wpointer-arith -Wshadow -Wsign-promo -Wno-narrowing -Wno-delete-non-virtual-dtor -Wno-unnamed-type-template-args -fdiagnostics-show-option -fno-omit-frame-pointer -msse -msse2 -msse3   -O3 -DNDEBUG   -o CMakeFiles/cmTryCompileExec1865057088.dir/CheckIncludeFile.c.o   -c /Users/puconghan/Desktop/opencv-2.4.8/build/CMakeFiles/CMakeTmp/CheckIncludeFile.c
Linking C executable cmTryCompileExec1865057088
/opt/local/bin/cmake -E cmake_link_script CMakeFiles/cmTryCompileExec1865057088.dir/link.txt --verbose=1
/usr/bin/cc      -fsigned-char -W -Werror=return-type -Werror=address -Werror=sequence-point -Wformat -Werror=format-security -Wmissing-declarations -Wmissing-prototypes -Wstrict-prototypes -Wundef -Winit-self -Wpointer-arith -Wshadow -Wsign-promo -Wno-narrowing -Wno-delete-non-virtual-dtor -Wno-unnamed-type-template-args -fdiagnostics-show-option -fno-omit-frame-pointer -msse -msse2 -msse3   -O3 -DNDEBUG -Wl,-search_paths_first -Wl,-headerpad_max_install_names   CMakeFiles/cmTryCompileExec1865057088.dir/CheckIncludeFile.c.o  -o cmTryCompileExec1865057088  


Determining if the include file sys/types.h exists passed with the following output:
Change Dir: /Users/puconghan/Desktop/opencv-2.4.8/build/CMakeFiles/CMakeTmp

Run Build Command:/usr/bin/make "cmTryCompileExec860553380/fast"
/usr/bin/make -f CMakeFiles/cmTryCompileExec860553380.dir/build.make CMakeFiles/cmTryCompileExec860553380.dir/build
/opt/local/bin/cmake -E cmake_progress_report /Users/puconghan/Desktop/opencv-2.4.8/build/CMakeFiles/CMakeTmp/CMakeFiles 1
Building C object CMakeFiles/cmTryCompileExec860553380.dir/CheckIncludeFile.c.o
/usr/bin/cc   -fsigned-char -W -Werror=return-type -Werror=address -Werror=sequence-point -Wformat -Werror=format-security -Wmissing-declarations -Wmissing-prototypes -Wstrict-prototypes -Wundef -Winit-self -Wpointer-arith -Wshadow -Wsign-promo -Wno-narrowing -Wno-delete-non-virtual-dtor -Wno-unnamed-type-template-args -fdiagnostics-show-option -fno-omit-frame-pointer -msse -msse2 -msse3   -O3 -DNDEBUG   -o CMakeFiles/cmTryCompileExec860553380.dir/CheckIncludeFile.c.o   -c /Users/puconghan/Desktop/opencv-2.4.8/build/CMakeFiles/CMakeTmp/CheckIncludeFile.c
Linking C executable cmTryCompileExec860553380
/opt/local/bin/cmake -E cmake_link_script CMakeFiles/cmTryCompileExec860553380.dir/link.txt --verbose=1
/usr/bin/cc      -fsigned-char -W -Werror=return-type -Werror=address -Werror=sequence-point -Wformat -Werror=format-security -Wmissing-declarations -Wmissing-prototypes -Wstrict-prototypes -Wundef -Winit-self -Wpointer-arith -Wshadow -Wsign-promo -Wno-narrowing -Wno-delete-non-virtual-dtor -Wno-unnamed-type-template-args -fdiagnostics-show-option -fno-omit-frame-pointer -msse -msse2 -msse3   -O3 -DNDEBUG -Wl,-search_paths_first -Wl,-headerpad_max_install_names   CMakeFiles/cmTryCompileExec860553380.dir/CheckIncludeFile.c.o  -o cmTryCompileExec860553380  


Determining if the include file stdint.h exists passed with the following output:
Change Dir: /Users/puconghan/Desktop/opencv-2.4.8/build/CMakeFiles/CMakeTmp

Run Build Command:/usr/bin/make "cmTryCompileExec3238521185/fast"
/usr/bin/make -f CMakeFiles/cmTryCompileExec3238521185.dir/build.make CMakeFiles/cmTryCompileExec3238521185.dir/build
/opt/local/bin/cmake -E cmake_progress_report /Users/puconghan/Desktop/opencv-2.4.8/build/CMakeFiles/CMakeTmp/CMakeFiles 1
Building C object CMakeFiles/cmTryCompileExec3238521185.dir/CheckIncludeFile.c.o
/usr/bin/cc   -fsigned-char -W -Werror=return-type -Werror=address -Werror=sequence-point -Wformat -Werror=format-security -Wmissing-declarations -Wmissing-prototypes -Wstrict-prototypes -Wundef -Winit-self -Wpointer-arith -Wshadow -Wsign-promo -Wno-narrowing -Wno-delete-non-virtual-dtor -Wno-unnamed-type-template-args -fdiagnostics-show-option -fno-omit-frame-pointer -msse -msse2 -msse3   -O3 -DNDEBUG   -o CMakeFiles/cmTryCompileExec3238521185.dir/CheckIncludeFile.c.o   -c /Users/puconghan/Desktop/opencv-2.4.8/build/CMakeFiles/CMakeTmp/CheckIncludeFile.c
Linking C executable cmTryCompileExec3238521185
/opt/local/bin/cmake -E cmake_link_script CMakeFiles/cmTryCompileExec3238521185.dir/link.txt --verbose=1
/usr/bin/cc      -fsigned-char -W -Werror=return-type -Werror=address -Werror=sequence-point -Wformat -Werror=format-security -Wmissing-declarations -Wmissing-prototypes -Wstrict-prototypes -Wundef -Winit-self -Wpointer-arith -Wshadow -Wsign-promo -Wno-narrowing -Wno-delete-non-virtual-dtor -Wno-unnamed-type-template-args -fdiagnostics-show-option -fno-omit-frame-pointer -msse -msse2 -msse3   -O3 -DNDEBUG -Wl,-search_paths_first -Wl,-headerpad_max_install_names   CMakeFiles/cmTryCompileExec3238521185.dir/CheckIncludeFile.c.o  -o cmTryCompileExec3238521185  


Determining if the include file stddef.h exists passed with the following output:
Change Dir: /Users/puconghan/Desktop/opencv-2.4.8/build/CMakeFiles/CMakeTmp

Run Build Command:/usr/bin/make "cmTryCompileExec3508287504/fast"
/usr/bin/make -f CMakeFiles/cmTryCompileExec3508287504.dir/build.make CMakeFiles/cmTryCompileExec3508287504.dir/build
/opt/local/bin/cmake -E cmake_progress_report /Users/puconghan/Desktop/opencv-2.4.8/build/CMakeFiles/CMakeTmp/CMakeFiles 1
Building C object CMakeFiles/cmTryCompileExec3508287504.dir/CheckIncludeFile.c.o
/usr/bin/cc   -fsigned-char -W -Werror=return-type -Werror=address -Werror=sequence-point -Wformat -Werror=format-security -Wmissing-declarations -Wmissing-prototypes -Wstrict-prototypes -Wundef -Winit-self -Wpointer-arith -Wshadow -Wsign-promo -Wno-narrowing -Wno-delete-non-virtual-dtor -Wno-unnamed-type-template-args -fdiagnostics-show-option -fno-omit-frame-pointer -msse -msse2 -msse3   -O3 -DNDEBUG   -o CMakeFiles/cmTryCompileExec3508287504.dir/CheckIncludeFile.c.o   -c /Users/puconghan/Desktop/opencv-2.4.8/build/CMakeFiles/CMakeTmp/CheckIncludeFile.c
Linking C executable cmTryCompileExec3508287504
/opt/local/bin/cmake -E cmake_link_script CMakeFiles/cmTryCompileExec3508287504.dir/link.txt --verbose=1
/usr/bin/cc      -fsigned-char -W -Werror=return-type -Werror=address -Werror=sequence-point -Wformat -Werror=format-security -Wmissing-declarations -Wmissing-prototypes -Wstrict-prototypes -Wundef -Winit-self -Wpointer-arith -Wshadow -Wsign-promo -Wno-narrowing -Wno-delete-non-virtual-dtor -Wno-unnamed-type-template-args -fdiagnostics-show-option -fno-omit-frame-pointer -msse -msse2 -msse3   -O3 -DNDEBUG -Wl,-search_paths_first -Wl,-headerpad_max_install_names   CMakeFiles/cmTryCompileExec3508287504.dir/CheckIncludeFile.c.o  -o cmTryCompileExec3508287504  


Determining if the include file assert.h exists passed with the following output:
Change Dir: /Users/puconghan/Desktop/opencv-2.4.8/build/CMakeFiles/CMakeTmp

Run Build Command:/usr/bin/make "cmTryCompileExec2183610323/fast"
/usr/bin/make -f CMakeFiles/cmTryCompileExec2183610323.dir/build.make CMakeFiles/cmTryCompileExec2183610323.dir/build
/opt/local/bin/cmake -E cmake_progress_report /Users/puconghan/Desktop/opencv-2.4.8/build/CMakeFiles/CMakeTmp/CMakeFiles 1
Building C object CMakeFiles/cmTryCompileExec2183610323.dir/CheckIncludeFile.c.o
/usr/bin/cc   -fsigned-char -W -Werror=return-type -Werror=address -Werror=sequence-point -Wformat -Werror=format-security -Wmissing-declarations -Wmissing-prototypes -Wstrict-prototypes -Wundef -Winit-self -Wpointer-arith -Wshadow -Wsign-promo -Wno-narrowing -Wno-delete-non-virtual-dtor -Wno-unnamed-type-template-args -fdiagnostics-show-option -fno-omit-frame-pointer -msse -msse2 -msse3   -O3 -DNDEBUG   -o CMakeFiles/cmTryCompileExec2183610323.dir/CheckIncludeFile.c.o   -c /Users/puconghan/Desktop/opencv-2.4.8/build/CMakeFiles/CMakeTmp/CheckIncludeFile.c
Linking C executable cmTryCompileExec2183610323
/opt/local/bin/cmake -E cmake_link_script CMakeFiles/cmTryCompileExec2183610323.dir/link.txt --verbose=1
/usr/bin/cc      -fsigned-char -W -Werror=return-type -Werror=address -Werror=sequence-point -Wformat -Werror=format-security -Wmissing-declarations -Wmissing-prototypes -Wstrict-prototypes -Wundef -Winit-self -Wpointer-arith -Wshadow -Wsign-promo -Wno-narrowing -Wno-delete-non-virtual-dtor -Wno-unnamed-type-template-args -fdiagnostics-show-option -fno-omit-frame-pointer -msse -msse2 -msse3   -O3 -DNDEBUG -Wl,-search_paths_first -Wl,-headerpad_max_install_names   CMakeFiles/cmTryCompileExec2183610323.dir/CheckIncludeFile.c.o  -o cmTryCompileExec2183610323  


Determining if the include file fcntl.h exists passed with the following output:
Change Dir: /Users/puconghan/Desktop/opencv-2.4.8/build/CMakeFiles/CMakeTmp

Run Build Command:/usr/bin/make "cmTryCompileExec1169698872/fast"
/usr/bin/make -f CMakeFiles/cmTryCompileExec1169698872.dir/build.make CMakeFiles/cmTryCompileExec1169698872.dir/build
/opt/local/bin/cmake -E cmake_progress_report /Users/puconghan/Desktop/opencv-2.4.8/build/CMakeFiles/CMakeTmp/CMakeFiles 1
Building C object CMakeFiles/cmTryCompileExec1169698872.dir/CheckIncludeFile.c.o
/usr/bin/cc   -fsigned-char -W -Werror=return-type -Werror=address -Werror=sequence-point -Wformat -Werror=format-security -Wmissing-declarations -Wmissing-prototypes -Wstrict-prototypes -Wundef -Winit-self -Wpointer-arith -Wshadow -Wsign-promo -Wno-narrowing -Wno-delete-non-virtual-dtor -Wno-unnamed-type-template-args -fdiagnostics-show-option -fno-omit-frame-pointer -msse -msse2 -msse3   -O3 -DNDEBUG   -o CMakeFiles/cmTryCompileExec1169698872.dir/CheckIncludeFile.c.o   -c /Users/puconghan/Desktop/opencv-2.4.8/build/CMakeFiles/CMakeTmp/CheckIncludeFile.c
Linking C executable cmTryCompileExec1169698872
/opt/local/bin/cmake -E cmake_link_script CMakeFiles/cmTryCompileExec1169698872.dir/link.txt --verbose=1
/usr/bin/cc      -fsigned-char -W -Werror=return-type -Werror=address -Werror=sequence-point -Wformat -Werror=format-security -Wmissing-declarations -Wmissing-prototypes -Wstrict-prototypes -Wundef -Winit-self -Wpointer-arith -Wshadow -Wsign-promo -Wno-narrowing -Wno-delete-non-virtual-dtor -Wno-unnamed-type-template-args -fdiagnostics-show-option -fno-omit-frame-pointer -msse -msse2 -msse3   -O3 -DNDEBUG -Wl,-search_paths_first -Wl,-headerpad_max_install_names   CMakeFiles/cmTryCompileExec1169698872.dir/CheckIncludeFile.c.o  -o cmTryCompileExec1169698872  


Determining if the function mmap exists passed with the following output:
Change Dir: /Users/puconghan/Desktop/opencv-2.4.8/build/CMakeFiles/CMakeTmp

Run Build Command:/usr/bin/make "cmTryCompileExec829471617/fast"
/usr/bin/make -f CMakeFiles/cmTryCompileExec829471617.dir/build.make CMakeFiles/cmTryCompileExec829471617.dir/build
/opt/local/bin/cmake -E cmake_progress_report /Users/puconghan/Desktop/opencv-2.4.8/build/CMakeFiles/CMakeTmp/CMakeFiles 1
Building C object CMakeFiles/cmTryCompileExec829471617.dir/CheckFunctionExists.c.o
/usr/bin/cc   -fsigned-char -W -Werror=return-type -Werror=address -Werror=sequence-point -Wformat -Werror=format-security -Wmissing-declarations -Wmissing-prototypes -Wstrict-prototypes -Wundef -Winit-self -Wpointer-arith -Wshadow -Wsign-promo -Wno-narrowing -Wno-delete-non-virtual-dtor -Wno-unnamed-type-template-args -fdiagnostics-show-option -fno-omit-frame-pointer -msse -msse2 -msse3  -DCHECK_FUNCTION_EXISTS=mmap -O3 -DNDEBUG   -o CMakeFiles/cmTryCompileExec829471617.dir/CheckFunctionExists.c.o   -c /opt/local/share/cmake-2.8/Modules/CheckFunctionExists.c
Linking C executable cmTryCompileExec829471617
/opt/local/bin/cmake -E cmake_link_script CMakeFiles/cmTryCompileExec829471617.dir/link.txt --verbose=1
/usr/bin/cc      -fsigned-char -W -Werror=return-type -Werror=address -Werror=sequence-point -Wformat -Werror=format-security -Wmissing-declarations -Wmissing-prototypes -Wstrict-prototypes -Wundef -Winit-self -Wpointer-arith -Wshadow -Wsign-promo -Wno-narrowing -Wno-delete-non-virtual-dtor -Wno-unnamed-type-template-args -fdiagnostics-show-option -fno-omit-frame-pointer -msse -msse2 -msse3  -DCHECK_FUNCTION_EXISTS=mmap -O3 -DNDEBUG -Wl,-search_paths_first -Wl,-headerpad_max_install_names   CMakeFiles/cmTryCompileExec829471617.dir/CheckFunctionExists.c.o  -o cmTryCompileExec829471617  


Determining if the include file search.h exists passed with the following output:
Change Dir: /Users/puconghan/Desktop/opencv-2.4.8/build/CMakeFiles/CMakeTmp

Run Build Command:/usr/bin/make "cmTryCompileExec3194734624/fast"
/usr/bin/make -f CMakeFiles/cmTryCompileExec3194734624.dir/build.make CMakeFiles/cmTryCompileExec3194734624.dir/build
/opt/local/bin/cmake -E cmake_progress_report /Users/puconghan/Desktop/opencv-2.4.8/build/CMakeFiles/CMakeTmp/CMakeFiles 1
Building C object CMakeFiles/cmTryCompileExec3194734624.dir/CheckIncludeFile.c.o
/usr/bin/cc   -fsigned-char -W -Werror=return-type -Werror=address -Werror=sequence-point -Wformat -Werror=format-security -Wmissing-declarations -Wmissing-prototypes -Wstrict-prototypes -Wundef -Winit-self -Wpointer-arith -Wshadow -Wsign-promo -Wno-narrowing -Wno-delete-non-virtual-dtor -Wno-unnamed-type-template-args -fdiagnostics-show-option -fno-omit-frame-pointer -msse -msse2 -msse3   -O3 -DNDEBUG   -o CMakeFiles/cmTryCompileExec3194734624.dir/CheckIncludeFile.c.o   -c /Users/puconghan/Desktop/opencv-2.4.8/build/CMakeFiles/CMakeTmp/CheckIncludeFile.c
Linking C executable cmTryCompileExec3194734624
/opt/local/bin/cmake -E cmake_link_script CMakeFiles/cmTryCompileExec3194734624.dir/link.txt --verbose=1
/usr/bin/cc      -fsigned-char -W -Werror=return-type -Werror=address -Werror=sequence-point -Wformat -Werror=format-security -Wmissing-declarations -Wmissing-prototypes -Wstrict-prototypes -Wundef -Winit-self -Wpointer-arith -Wshadow -Wsign-promo -Wno-narrowing -Wno-delete-non-virtual-dtor -Wno-unnamed-type-template-args -fdiagnostics-show-option -fno-omit-frame-pointer -msse -msse2 -msse3   -O3 -DNDEBUG -Wl,-search_paths_first -Wl,-headerpad_max_install_names   CMakeFiles/cmTryCompileExec3194734624.dir/CheckIncludeFile.c.o  -o cmTryCompileExec3194734624  


Determining if the include file string.h exists passed with the following output:
Change Dir: /Users/puconghan/Desktop/opencv-2.4.8/build/CMakeFiles/CMakeTmp

Run Build Command:/usr/bin/make "cmTryCompileExec2750464288/fast"
/usr/bin/make -f CMakeFiles/cmTryCompileExec2750464288.dir/build.make CMakeFiles/cmTryCompileExec2750464288.dir/build
/opt/local/bin/cmake -E cmake_progress_report /Users/puconghan/Desktop/opencv-2.4.8/build/CMakeFiles/CMakeTmp/CMakeFiles 1
Building C object CMakeFiles/cmTryCompileExec2750464288.dir/CheckIncludeFile.c.o
/usr/bin/cc   -fsigned-char -W -Werror=return-type -Werror=address -Werror=sequence-point -Wformat -Werror=format-security -Wmissing-declarations -Wmissing-prototypes -Wstrict-prototypes -Wundef -Winit-self -Wpointer-arith -Wshadow -Wsign-promo -Wno-narrowing -Wno-delete-non-virtual-dtor -Wno-unnamed-type-template-args -fdiagnostics-show-option -fno-omit-frame-pointer -msse -msse2 -msse3   -O3 -DNDEBUG   -o CMakeFiles/cmTryCompileExec2750464288.dir/CheckIncludeFile.c.o   -c /Users/puconghan/Desktop/opencv-2.4.8/build/CMakeFiles/CMakeTmp/CheckIncludeFile.c
Linking C executable cmTryCompileExec2750464288
/opt/local/bin/cmake -E cmake_link_script CMakeFiles/cmTryCompileExec2750464288.dir/link.txt --verbose=1
/usr/bin/cc      -fsigned-char -W -Werror=return-type -Werror=address -Werror=sequence-point -Wformat -Werror=format-security -Wmissing-declarations -Wmissing-prototypes -Wstrict-prototypes -Wundef -Winit-self -Wpointer-arith -Wshadow -Wsign-promo -Wno-narrowing -Wno-delete-non-virtual-dtor -Wno-unnamed-type-template-args -fdiagnostics-show-option -fno-omit-frame-pointer -msse -msse2 -msse3   -O3 -DNDEBUG -Wl,-search_paths_first -Wl,-headerpad_max_install_names   CMakeFiles/cmTryCompileExec2750464288.dir/CheckIncludeFile.c.o  -o cmTryCompileExec2750464288  


Determining if the include file unistd.h exists passed with the following output:
Change Dir: /Users/puconghan/Desktop/opencv-2.4.8/build/CMakeFiles/CMakeTmp

Run Build Command:/usr/bin/make "cmTryCompileExec1343300634/fast"
/usr/bin/make -f CMakeFiles/cmTryCompileExec1343300634.dir/build.make CMakeFiles/cmTryCompileExec1343300634.dir/build
/opt/local/bin/cmake -E cmake_progress_report /Users/puconghan/Desktop/opencv-2.4.8/build/CMakeFiles/CMakeTmp/CMakeFiles 1
Building C object CMakeFiles/cmTryCompileExec1343300634.dir/CheckIncludeFile.c.o
/usr/bin/cc   -fsigned-char -W -Werror=return-type -Werror=address -Werror=sequence-point -Wformat -Werror=format-security -Wmissing-declarations -Wmissing-prototypes -Wstrict-prototypes -Wundef -Winit-self -Wpointer-arith -Wshadow -Wsign-promo -Wno-narrowing -Wno-delete-non-virtual-dtor -Wno-unnamed-type-template-args -fdiagnostics-show-option -fno-omit-frame-pointer -msse -msse2 -msse3   -O3 -DNDEBUG   -o CMakeFiles/cmTryCompileExec1343300634.dir/CheckIncludeFile.c.o   -c /Users/puconghan/Desktop/opencv-2.4.8/build/CMakeFiles/CMakeTmp/CheckIncludeFile.c
Linking C executable cmTryCompileExec1343300634
/opt/local/bin/cmake -E cmake_link_script CMakeFiles/cmTryCompileExec1343300634.dir/link.txt --verbose=1
/usr/bin/cc      -fsigned-char -W -Werror=return-type -Werror=address -Werror=sequence-point -Wformat -Werror=format-security -Wmissing-declarations -Wmissing-prototypes -Wstrict-prototypes -Wundef -Winit-self -Wpointer-arith -Wshadow -Wsign-promo -Wno-narrowing -Wno-delete-non-virtual-dtor -Wno-unnamed-type-template-args -fdiagnostics-show-option -fno-omit-frame-pointer -msse -msse2 -msse3   -O3 -DNDEBUG -Wl,-search_paths_first -Wl,-headerpad_max_install_names   CMakeFiles/cmTryCompileExec1343300634.dir/CheckIncludeFile.c.o  -o cmTryCompileExec1343300634  


Determining if the include file semaphore.h exists passed with the following output:
Change Dir: /Users/puconghan/Desktop/opencv-2.4.8/build/CMakeFiles/CMakeTmp

Run Build Command:/usr/bin/make "cmTryCompileExec588349723/fast"
/usr/bin/make -f CMakeFiles/cmTryCompileExec588349723.dir/build.make CMakeFiles/cmTryCompileExec588349723.dir/build
/opt/local/bin/cmake -E cmake_progress_report /Users/puconghan/Desktop/opencv-2.4.8/build/CMakeFiles/CMakeTmp/CMakeFiles 1
Building C object CMakeFiles/cmTryCompileExec588349723.dir/CheckIncludeFile.c.o
/usr/bin/cc   -fsigned-char -W -Werror=return-type -Werror=address -Werror=sequence-point -Wformat -Werror=format-security -Wmissing-declarations -Wmissing-prototypes -Wstrict-prototypes -Wundef -Winit-self -Wpointer-arith -Wshadow -Wsign-promo -Wno-narrowing -Wno-delete-non-virtual-dtor -Wno-unnamed-type-template-args -fdiagnostics-show-option -fno-omit-frame-pointer -msse -msse2 -msse3   -O3 -DNDEBUG   -o CMakeFiles/cmTryCompileExec588349723.dir/CheckIncludeFile.c.o   -c /Users/puconghan/Desktop/opencv-2.4.8/build/CMakeFiles/CMakeTmp/CheckIncludeFile.c
Linking C executable cmTryCompileExec588349723
/opt/local/bin/cmake -E cmake_link_script CMakeFiles/cmTryCompileExec588349723.dir/link.txt --verbose=1
/usr/bin/cc      -fsigned-char -W -Werror=return-type -Werror=address -Werror=sequence-point -Wformat -Werror=format-security -Wmissing-declarations -Wmissing-prototypes -Wstrict-prototypes -Wundef -Winit-self -Wpointer-arith -Wshadow -Wsign-promo -Wno-narrowing -Wno-delete-non-virtual-dtor -Wno-unnamed-type-template-args -fdiagnostics-show-option -fno-omit-frame-pointer -msse -msse2 -msse3   -O3 -DNDEBUG -Wl,-search_paths_first -Wl,-headerpad_max_install_names   CMakeFiles/cmTryCompileExec588349723.dir/CheckIncludeFile.c.o  -o cmTryCompileExec588349723  


